2021-07-12 00:10:21.792  INFO 5096 --- [restartedMain] com.example.springboot.Application       : Starting Application using Java 1.8.0_281 on LAPTOP-RNRSNDB9 with PID 5096 (D:\Study\GitHub\SpringBoot\target\classes started by Mr He in D:\Study\GitHub\SpringBoot)
2021-07-12 00:10:21.800  INFO 5096 --- [restartedMain] com.example.springboot.Application       : No active profile set, falling back to default profiles: default
2021-07-12 00:10:21.858  INFO 5096 --- [restartedMain] .e.DevToolsPropertyDefaultsPostProcessor : Devtools property defaults active! Set 'spring.devtools.add-properties' to 'false' to disable
2021-07-12 00:10:23.112  INFO 5096 --- [restartedMain] o.s.b.w.embedded.tomcat.TomcatWebServer  : Tomcat initialized with port(s): 8080 (http)
2021-07-12 00:10:23.124  INFO 5096 --- [restartedMain] o.apache.catalina.core.StandardService   : Starting service [Tomcat]
2021-07-12 00:10:23.124  INFO 5096 --- [restartedMain] org.apache.catalina.core.StandardEngine  : Starting Servlet engine: [Apache Tomcat/9.0.48]
2021-07-12 00:10:23.196  INFO 5096 --- [restartedMain] o.a.c.c.C.[Tomcat].[localhost].[/]       : Initializing Spring embedded WebApplicationContext
2021-07-12 00:10:23.198  INFO 5096 --- [restartedMain] w.s.c.ServletWebServerApplicationContext : Root WebApplicationContext: initialization completed in 1339 ms
2021-07-12 00:10:23.213 DEBUG 5096 --- [restartedMain] o.s.b.w.s.ServletContextInitializerBeans : Mapping filters: characterEncodingFilter urls=[/*] order=-2147483648, formContentFilter urls=[/*] order=-9900, requestContextFilter urls=[/*] order=-105
2021-07-12 00:10:23.214 DEBUG 5096 --- [restartedMain] o.s.b.w.s.ServletContextInitializerBeans : Mapping servlets: dispatcherServlet urls=[/]
2021-07-12 00:10:24.060 DEBUG 5096 --- [restartedMain] s.w.s.m.m.a.RequestMappingHandlerAdapter : ControllerAdvice beans: 0 @ModelAttribute, 0 @InitBinder, 1 RequestBodyAdvice, 1 ResponseBodyAdvice
2021-07-12 00:10:24.141 DEBUG 5096 --- [restartedMain] s.w.s.m.m.a.RequestMappingHandlerMapping : 9 mappings in 'requestMappingHandlerMapping'
2021-07-12 00:10:24.172 DEBUG 5096 --- [restartedMain] o.s.w.s.handler.SimpleUrlHandlerMapping  : Patterns [/webjars/**, /**] in 'resourceHandlerMapping'
2021-07-12 00:10:24.183 DEBUG 5096 --- [restartedMain] .m.m.a.ExceptionHandlerExceptionResolver : ControllerAdvice beans: 0 @ExceptionHandler, 1 ResponseBodyAdvice
2021-07-12 00:10:24.350  INFO 5096 --- [restartedMain] o.s.b.d.a.OptionalLiveReloadServer       : LiveReload server is running on port 35729
2021-07-12 00:10:24.377  INFO 5096 --- [restartedMain] o.s.b.w.embedded.tomcat.TomcatWebServer  : Tomcat started on port(s): 8080 (http) with context path ''
2021-07-12 00:10:24.387  INFO 5096 --- [restartedMain] com.example.springboot.Application       : Started Application in 3.076 seconds (JVM running for 3.963)
2021-07-12 00:15:30.507  INFO 5096 --- [http-nio-8080-exec-1] o.a.c.c.C.[Tomcat].[localhost].[/]       : Initializing Spring DispatcherServlet 'dispatcherServlet'
2021-07-12 00:15:30.507  INFO 5096 --- [http-nio-8080-exec-1] o.s.web.servlet.DispatcherServlet        : Initializing Servlet 'dispatcherServlet'
2021-07-12 00:15:30.507 DEBUG 5096 --- [http-nio-8080-exec-1] o.s.web.servlet.DispatcherServlet        : Detected StandardServletMultipartResolver
2021-07-12 00:15:30.507 DEBUG 5096 --- [http-nio-8080-exec-1] o.s.web.servlet.DispatcherServlet        : Detected AcceptHeaderLocaleResolver
2021-07-12 00:15:30.507 DEBUG 5096 --- [http-nio-8080-exec-1] o.s.web.servlet.DispatcherServlet        : Detected FixedThemeResolver
2021-07-12 00:15:30.510 DEBUG 5096 --- [http-nio-8080-exec-1] o.s.web.servlet.DispatcherServlet        : Detected org.springframework.web.servlet.view.DefaultRequestToViewNameTranslator@3ee12792
2021-07-12 00:15:30.511 DEBUG 5096 --- [http-nio-8080-exec-1] o.s.web.servlet.DispatcherServlet        : Detected org.springframework.web.servlet.support.SessionFlashMapManager@437cd6a
2021-07-12 00:15:30.511 DEBUG 5096 --- [http-nio-8080-exec-1] o.s.web.servlet.DispatcherServlet        : enableLoggingRequestDetails='false': request parameters and headers will be masked to prevent unsafe logging of potentially sensitive data
2021-07-12 00:15:30.511  INFO 5096 --- [http-nio-8080-exec-1] o.s.web.servlet.DispatcherServlet        : Completed initialization in 4 ms
2021-07-12 00:15:30.525 DEBUG 5096 --- [http-nio-8080-exec-1] o.s.web.servlet.DispatcherServlet        : GET "/upload.html", parameters={}
2021-07-12 00:15:30.543 DEBUG 5096 --- [http-nio-8080-exec-1] o.s.w.s.handler.SimpleUrlHandlerMapping  : Mapped to ResourceHttpRequestHandler [Classpath [META-INF/resources/], Classpath [resources/], Classpath [static/], Classpath [public/], ServletContext [/]]
2021-07-12 00:15:30.575 DEBUG 5096 --- [http-nio-8080-exec-1] o.s.web.servlet.DispatcherServlet        : Completed 200 OK
2021-07-12 00:15:30.629 DEBUG 5096 --- [http-nio-8080-exec-5] o.s.web.servlet.DispatcherServlet        : GET "/favicon.ico", parameters={}
2021-07-12 00:15:30.630 DEBUG 5096 --- [http-nio-8080-exec-5] o.s.w.s.handler.SimpleUrlHandlerMapping  : Mapped to ResourceHttpRequestHandler [Classpath [META-INF/resources/], Classpath [resources/], Classpath [static/], Classpath [public/], ServletContext [/]]
2021-07-12 00:15:30.632 DEBUG 5096 --- [http-nio-8080-exec-5] o.s.w.s.r.ResourceHttpRequestHandler     : Resource not found
2021-07-12 00:15:30.632 DEBUG 5096 --- [http-nio-8080-exec-5] o.s.web.servlet.DispatcherServlet        : Completed 404 NOT_FOUND
2021-07-12 00:15:30.635 DEBUG 5096 --- [http-nio-8080-exec-5] o.s.web.servlet.DispatcherServlet        : "ERROR" dispatch for GET "/error", parameters={}
2021-07-12 00:15:30.637 DEBUG 5096 --- [http-nio-8080-exec-5] s.w.s.m.m.a.RequestMappingHandlerMapping : Mapped to org.springframework.boot.autoconfigure.web.servlet.error.BasicErrorController#error(HttpServletRequest)
2021-07-12 00:15:30.676 DEBUG 5096 --- [http-nio-8080-exec-5] o.s.w.s.m.m.a.HttpEntityMethodProcessor  : Using 'application/json;q=0.8', given [image/avif, image/webp, image/apng, image/svg+xml, image/*, */*;q=0.8] and supported [application/json, application/*+json, application/json, application/*+json]
2021-07-12 00:15:30.676 DEBUG 5096 --- [http-nio-8080-exec-5] o.s.w.s.m.m.a.HttpEntityMethodProcessor  : Writing [{timestamp=Mon Jul 12 00:15:30 CST 2021, status=404, error=Not Found, message=No message available,  (truncated)...]
2021-07-12 00:15:30.784 DEBUG 5096 --- [http-nio-8080-exec-5] o.s.web.servlet.DispatcherServlet        : Exiting from "ERROR" dispatch, status 404
2021-07-12 00:15:55.722 DEBUG 5096 --- [http-nio-8080-exec-2] o.s.web.servlet.DispatcherServlet        : POST "/student/uploadPhoto", parameters={}
2021-07-12 00:15:55.735 DEBUG 5096 --- [http-nio-8080-exec-2] s.w.s.m.m.a.RequestMappingHandlerMapping : Mapped to com.example.springboot.controller.FriendController#uploadPhoto(MultipartFile)
2021-07-12 00:15:55.746  INFO 5096 --- [http-nio-8080-exec-2] c.example.springboot.utils.WebLogAspect  : /student/uploadPhoto
2021-07-12 00:15:55.746  INFO 5096 --- [http-nio-8080-exec-2] c.example.springboot.utils.WebLogAspect  : null
2021-07-12 00:15:55.753  INFO 5096 --- [http-nio-8080-exec-2] c.example.springboot.utils.WebLogAspect  : com.example.springboot.controller.FriendController uploadPhoto
2021-07-12 00:15:55.806  INFO 5096 --- [http-nio-8080-exec-2] com.zaxxer.hikari.HikariDataSource       : HikariPool-1 - Starting...
2021-07-12 00:15:56.071  INFO 5096 --- [http-nio-8080-exec-2] com.zaxxer.hikari.HikariDataSource       : HikariPool-1 - Start completed.
2021-07-12 00:15:56.080 DEBUG 5096 --- [http-nio-8080-exec-2] c.e.s.dao.IFriendDao.insertPhoto         : ==>  Preparing: update friend set photo =? where name = ? 
2021-07-12 00:15:56.161 DEBUG 5096 --- [http-nio-8080-exec-2] c.e.s.dao.IFriendDao.insertPhoto         : ==> Parameters: [B@260bfe5c(byte[]), name(String)
2021-07-12 00:15:56.212 DEBUG 5096 --- [http-nio-8080-exec-2] c.e.s.dao.IFriendDao.insertPhoto         : <==    Updates: 1
2021-07-12 00:15:56.219 DEBUG 5096 --- [http-nio-8080-exec-2] m.m.a.RequestResponseBodyMethodProcessor : Using 'text/html', given [text/html, application/xhtml+xml, image/avif, image/webp, image/apng, application/xml;q=0.9, application/signed-exchange;v=b3;q=0.9, */*;q=0.8] and supported [text/plain, */*, text/plain, */*, application/json, application/*+json, application/json, application/*+json]
2021-07-12 00:15:56.223 DEBUG 5096 --- [http-nio-8080-exec-2] m.m.a.RequestResponseBodyMethodProcessor : Writing ["Upload Photo success~"]
2021-07-12 00:15:56.225 DEBUG 5096 --- [http-nio-8080-exec-2] o.s.web.servlet.DispatcherServlet        : Completed 200 OK
2021-07-12 00:16:55.974 DEBUG 5096 --- [http-nio-8080-exec-3] o.s.web.servlet.DispatcherServlet        : GET "/student/downloadPhoto", parameters={}
2021-07-12 00:16:55.975 DEBUG 5096 --- [http-nio-8080-exec-3] s.w.s.m.m.a.RequestMappingHandlerMapping : Mapped to com.example.springboot.controller.FriendController#downloadPhoto()
2021-07-12 00:16:55.976  INFO 5096 --- [http-nio-8080-exec-3] c.example.springboot.utils.WebLogAspect  : /student/downloadPhoto
2021-07-12 00:16:55.976  INFO 5096 --- [http-nio-8080-exec-3] c.example.springboot.utils.WebLogAspect  : null
2021-07-12 00:16:55.977  INFO 5096 --- [http-nio-8080-exec-3] c.example.springboot.utils.WebLogAspect  : com.example.springboot.controller.FriendController downloadPhoto
2021-07-12 00:16:55.981 DEBUG 5096 --- [http-nio-8080-exec-3] c.e.s.dao.IFriendDao.selectImage         : ==>  Preparing: select photo from friend where name = ? 
2021-07-12 00:16:55.982 DEBUG 5096 --- [http-nio-8080-exec-3] c.e.s.dao.IFriendDao.selectImage         : ==> Parameters: name(String)
2021-07-12 00:16:56.010 DEBUG 5096 --- [http-nio-8080-exec-3] c.e.s.dao.IFriendDao.selectImage         : <==      Total: 1
2021-07-12 00:16:56.021 DEBUG 5096 --- [http-nio-8080-exec-3] m.m.a.RequestResponseBodyMethodProcessor : Using 'text/html', given [text/html, application/xhtml+xml, image/avif, image/webp, image/apng, application/xml;q=0.9, application/signed-exchange;v=b3;q=0.9, */*;q=0.8] and supported [text/plain, */*, text/plain, */*, application/json, application/*+json, application/json, application/*+json]
2021-07-12 00:16:56.021 DEBUG 5096 --- [http-nio-8080-exec-3] m.m.a.RequestResponseBodyMethodProcessor : Writing ["Download Success~"]
2021-07-12 00:16:56.022 DEBUG 5096 --- [http-nio-8080-exec-3] o.s.web.servlet.DispatcherServlet        : Completed 200 OK
2021-07-12 00:17:50.600  INFO 11452 --- [restartedMain] com.example.springboot.Application       : Starting Application using Java 1.8.0_281 on LAPTOP-RNRSNDB9 with PID 11452 (D:\Study\GitHub\SpringBoot\target\classes started by Mr He in D:\Study\GitHub\SpringBoot)
2021-07-12 00:17:50.603  INFO 11452 --- [restartedMain] com.example.springboot.Application       : No active profile set, falling back to default profiles: default
2021-07-12 00:17:50.653  INFO 11452 --- [restartedMain] .e.DevToolsPropertyDefaultsPostProcessor : Devtools property defaults active! Set 'spring.devtools.add-properties' to 'false' to disable
2021-07-12 00:17:51.762  INFO 11452 --- [restartedMain] o.s.b.w.embedded.tomcat.TomcatWebServer  : Tomcat initialized with port(s): 8080 (http)
2021-07-12 00:17:51.769  INFO 11452 --- [restartedMain] o.apache.catalina.core.StandardService   : Starting service [Tomcat]
2021-07-12 00:17:51.770  INFO 11452 --- [restartedMain] org.apache.catalina.core.StandardEngine  : Starting Servlet engine: [Apache Tomcat/9.0.48]
2021-07-12 00:17:51.848  INFO 11452 --- [restartedMain] o.a.c.c.C.[Tomcat].[localhost].[/]       : Initializing Spring embedded WebApplicationContext
2021-07-12 00:17:51.849  INFO 11452 --- [restartedMain] w.s.c.ServletWebServerApplicationContext : Root WebApplicationContext: initialization completed in 1194 ms
2021-07-12 00:17:51.867 DEBUG 11452 --- [restartedMain] o.s.b.w.s.ServletContextInitializerBeans : Mapping filters: characterEncodingFilter urls=[/*] order=-2147483648, formContentFilter urls=[/*] order=-9900, requestContextFilter urls=[/*] order=-105
2021-07-12 00:17:51.867 DEBUG 11452 --- [restartedMain] o.s.b.w.s.ServletContextInitializerBeans : Mapping servlets: dispatcherServlet urls=[/]
2021-07-12 00:17:52.510 DEBUG 11452 --- [restartedMain] s.w.s.m.m.a.RequestMappingHandlerAdapter : ControllerAdvice beans: 0 @ModelAttribute, 0 @InitBinder, 1 RequestBodyAdvice, 1 ResponseBodyAdvice
2021-07-12 00:17:52.570 DEBUG 11452 --- [restartedMain] s.w.s.m.m.a.RequestMappingHandlerMapping : 9 mappings in 'requestMappingHandlerMapping'
2021-07-12 00:17:52.606 DEBUG 11452 --- [restartedMain] o.s.w.s.handler.SimpleUrlHandlerMapping  : Patterns [/webjars/**, /**] in 'resourceHandlerMapping'
2021-07-12 00:17:52.614 DEBUG 11452 --- [restartedMain] .m.m.a.ExceptionHandlerExceptionResolver : ControllerAdvice beans: 0 @ExceptionHandler, 1 ResponseBodyAdvice
2021-07-12 00:17:52.782  INFO 11452 --- [restartedMain] o.s.b.d.a.OptionalLiveReloadServer       : LiveReload server is running on port 35729
2021-07-12 00:17:52.812  INFO 11452 --- [restartedMain] o.s.b.w.embedded.tomcat.TomcatWebServer  : Tomcat started on port(s): 8080 (http) with context path ''
2021-07-12 00:17:52.822  INFO 11452 --- [restartedMain] com.example.springboot.Application       : Started Application in 2.562 seconds (JVM running for 3.976)
2021-07-12 00:21:59.282  INFO 11452 --- [http-nio-8080-exec-1] o.a.c.c.C.[Tomcat].[localhost].[/]       : Initializing Spring DispatcherServlet 'dispatcherServlet'
2021-07-12 00:21:59.283  INFO 11452 --- [http-nio-8080-exec-1] o.s.web.servlet.DispatcherServlet        : Initializing Servlet 'dispatcherServlet'
2021-07-12 00:21:59.283 DEBUG 11452 --- [http-nio-8080-exec-1] o.s.web.servlet.DispatcherServlet        : Detected StandardServletMultipartResolver
2021-07-12 00:21:59.283 DEBUG 11452 --- [http-nio-8080-exec-1] o.s.web.servlet.DispatcherServlet        : Detected AcceptHeaderLocaleResolver
2021-07-12 00:21:59.283 DEBUG 11452 --- [http-nio-8080-exec-1] o.s.web.servlet.DispatcherServlet        : Detected FixedThemeResolver
2021-07-12 00:21:59.284 DEBUG 11452 --- [http-nio-8080-exec-1] o.s.web.servlet.DispatcherServlet        : Detected org.springframework.web.servlet.view.DefaultRequestToViewNameTranslator@1ed4ed90
2021-07-12 00:21:59.284 DEBUG 11452 --- [http-nio-8080-exec-1] o.s.web.servlet.DispatcherServlet        : Detected org.springframework.web.servlet.support.SessionFlashMapManager@22ec3723
2021-07-12 00:21:59.284 DEBUG 11452 --- [http-nio-8080-exec-1] o.s.web.servlet.DispatcherServlet        : enableLoggingRequestDetails='false': request parameters and headers will be masked to prevent unsafe logging of potentially sensitive data
2021-07-12 00:21:59.284  INFO 11452 --- [http-nio-8080-exec-1] o.s.web.servlet.DispatcherServlet        : Completed initialization in 1 ms
2021-07-12 00:21:59.292 DEBUG 11452 --- [http-nio-8080-exec-1] o.s.web.servlet.DispatcherServlet        : GET "/student/upload.html", parameters={}
2021-07-12 00:21:59.299 DEBUG 11452 --- [http-nio-8080-exec-1] o.s.w.s.handler.SimpleUrlHandlerMapping  : Mapped to ResourceHttpRequestHandler [Classpath [META-INF/resources/], Classpath [resources/], Classpath [static/], Classpath [public/], ServletContext [/]]
2021-07-12 00:21:59.301 DEBUG 11452 --- [http-nio-8080-exec-1] o.s.w.s.r.ResourceHttpRequestHandler     : Resource not found
2021-07-12 00:21:59.301 DEBUG 11452 --- [http-nio-8080-exec-1] o.s.web.servlet.DispatcherServlet        : Completed 404 NOT_FOUND
2021-07-12 00:21:59.307 DEBUG 11452 --- [http-nio-8080-exec-1] o.s.web.servlet.DispatcherServlet        : "ERROR" dispatch for GET "/error", parameters={}
2021-07-12 00:21:59.308 DEBUG 11452 --- [http-nio-8080-exec-1] s.w.s.m.m.a.RequestMappingHandlerMapping : Mapped to org.springframework.boot.autoconfigure.web.servlet.error.BasicErrorController#errorHtml(HttpServletRequest, HttpServletResponse)
2021-07-12 00:21:59.335 DEBUG 11452 --- [http-nio-8080-exec-1] o.s.w.s.v.ContentNegotiatingViewResolver : Selected 'text/html' given [text/html, text/html;q=0.8]
2021-07-12 00:21:59.340 DEBUG 11452 --- [http-nio-8080-exec-1] o.s.web.servlet.DispatcherServlet        : Exiting from "ERROR" dispatch, status 404
